ARM GAS  C:\Users\Teodor\AppData\Local\Temp\ccl385n3.s 			page 1


   1              		.cpu cortex-m4
   2              		.arch armv7e-m
   3              		.fpu fpv4-sp-d16
   4              		.eabi_attribute 27, 1
   5              		.eabi_attribute 28, 1
   6              		.eabi_attribute 20, 1
   7              		.eabi_attribute 21, 1
   8              		.eabi_attribute 23, 3
   9              		.eabi_attribute 24, 1
  10              		.eabi_attribute 25, 1
  11              		.eabi_attribute 26, 1
  12              		.eabi_attribute 30, 1
  13              		.eabi_attribute 34, 1
  14              		.eabi_attribute 18, 4
  15              		.file	"gpio.c"
  16              		.text
  17              	.Ltext0:
  18              		.cfi_sections	.debug_frame
  19              		.section	.text.MX_GPIO_Init,"ax",%progbits
  20              		.align	1
  21              		.global	MX_GPIO_Init
  22              		.syntax unified
  23              		.thumb
  24              		.thumb_func
  26              	MX_GPIO_Init:
  27              	.LFB130:
  28              		.file 1 "Core/Src/gpio.c"
   1:Core/Src/gpio.c **** /* USER CODE BEGIN Header */
   2:Core/Src/gpio.c **** /**
   3:Core/Src/gpio.c ****   ******************************************************************************
   4:Core/Src/gpio.c ****   * @file    gpio.c
   5:Core/Src/gpio.c ****   * @brief   This file provides code for the configuration
   6:Core/Src/gpio.c ****   *          of all used GPIO pins.
   7:Core/Src/gpio.c ****   ******************************************************************************
   8:Core/Src/gpio.c ****   * @attention
   9:Core/Src/gpio.c ****   *
  10:Core/Src/gpio.c ****   * Copyright (c) 2023 STMicroelectronics.
  11:Core/Src/gpio.c ****   * All rights reserved.
  12:Core/Src/gpio.c ****   *
  13:Core/Src/gpio.c ****   * This software is licensed under terms that can be found in the LICENSE file
  14:Core/Src/gpio.c ****   * in the root directory of this software component.
  15:Core/Src/gpio.c ****   * If no LICENSE file comes with this software, it is provided AS-IS.
  16:Core/Src/gpio.c ****   *
  17:Core/Src/gpio.c ****   ******************************************************************************
  18:Core/Src/gpio.c ****   */
  19:Core/Src/gpio.c **** /* USER CODE END Header */
  20:Core/Src/gpio.c **** 
  21:Core/Src/gpio.c **** /* Includes ------------------------------------------------------------------*/
  22:Core/Src/gpio.c **** #include "gpio.h"
  23:Core/Src/gpio.c **** 
  24:Core/Src/gpio.c **** /* USER CODE BEGIN 0 */
  25:Core/Src/gpio.c **** 
  26:Core/Src/gpio.c **** /* USER CODE END 0 */
  27:Core/Src/gpio.c **** 
  28:Core/Src/gpio.c **** /*----------------------------------------------------------------------------*/
  29:Core/Src/gpio.c **** /* Configure GPIO                                                             */
  30:Core/Src/gpio.c **** /*----------------------------------------------------------------------------*/
ARM GAS  C:\Users\Teodor\AppData\Local\Temp\ccl385n3.s 			page 2


  31:Core/Src/gpio.c **** /* USER CODE BEGIN 1 */
  32:Core/Src/gpio.c **** 
  33:Core/Src/gpio.c **** /* USER CODE END 1 */
  34:Core/Src/gpio.c **** 
  35:Core/Src/gpio.c **** /** Configure pins as
  36:Core/Src/gpio.c ****         * Analog
  37:Core/Src/gpio.c ****         * Input
  38:Core/Src/gpio.c ****         * Output
  39:Core/Src/gpio.c ****         * EVENT_OUT
  40:Core/Src/gpio.c ****         * EXTI
  41:Core/Src/gpio.c **** */
  42:Core/Src/gpio.c **** void MX_GPIO_Init(void)
  43:Core/Src/gpio.c **** {
  29              		.loc 1 43 1 view -0
  30              		.cfi_startproc
  31              		@ args = 0, pretend = 0, frame = 40
  32              		@ frame_needed = 0, uses_anonymous_args = 0
  33 0000 70B5     		push	{r4, r5, r6, lr}
  34              	.LCFI0:
  35              		.cfi_def_cfa_offset 16
  36              		.cfi_offset 4, -16
  37              		.cfi_offset 5, -12
  38              		.cfi_offset 6, -8
  39              		.cfi_offset 14, -4
  40 0002 8AB0     		sub	sp, sp, #40
  41              	.LCFI1:
  42              		.cfi_def_cfa_offset 56
  44:Core/Src/gpio.c **** 
  45:Core/Src/gpio.c ****   GPIO_InitTypeDef GPIO_InitStruct = {0};
  43              		.loc 1 45 3 view .LVU1
  44              		.loc 1 45 20 is_stmt 0 view .LVU2
  45 0004 0024     		movs	r4, #0
  46 0006 0594     		str	r4, [sp, #20]
  47 0008 0694     		str	r4, [sp, #24]
  48 000a 0794     		str	r4, [sp, #28]
  49 000c 0894     		str	r4, [sp, #32]
  50 000e 0994     		str	r4, [sp, #36]
  46:Core/Src/gpio.c **** 
  47:Core/Src/gpio.c ****   /* GPIO Ports Clock Enable */
  48:Core/Src/gpio.c ****   __HAL_RCC_GPIOC_CLK_ENABLE();
  51              		.loc 1 48 3 is_stmt 1 view .LVU3
  52              	.LBB2:
  53              		.loc 1 48 3 view .LVU4
  54 0010 0194     		str	r4, [sp, #4]
  55              		.loc 1 48 3 view .LVU5
  56 0012 234B     		ldr	r3, .L3
  57 0014 1A6B     		ldr	r2, [r3, #48]
  58 0016 42F00402 		orr	r2, r2, #4
  59 001a 1A63     		str	r2, [r3, #48]
  60              		.loc 1 48 3 view .LVU6
  61 001c 1A6B     		ldr	r2, [r3, #48]
  62 001e 02F00402 		and	r2, r2, #4
  63 0022 0192     		str	r2, [sp, #4]
  64              		.loc 1 48 3 view .LVU7
  65 0024 019A     		ldr	r2, [sp, #4]
  66              	.LBE2:
  67              		.loc 1 48 3 view .LVU8
ARM GAS  C:\Users\Teodor\AppData\Local\Temp\ccl385n3.s 			page 3


  49:Core/Src/gpio.c ****   __HAL_RCC_GPIOH_CLK_ENABLE();
  68              		.loc 1 49 3 view .LVU9
  69              	.LBB3:
  70              		.loc 1 49 3 view .LVU10
  71 0026 0294     		str	r4, [sp, #8]
  72              		.loc 1 49 3 view .LVU11
  73 0028 1A6B     		ldr	r2, [r3, #48]
  74 002a 42F08002 		orr	r2, r2, #128
  75 002e 1A63     		str	r2, [r3, #48]
  76              		.loc 1 49 3 view .LVU12
  77 0030 1A6B     		ldr	r2, [r3, #48]
  78 0032 02F08002 		and	r2, r2, #128
  79 0036 0292     		str	r2, [sp, #8]
  80              		.loc 1 49 3 view .LVU13
  81 0038 029A     		ldr	r2, [sp, #8]
  82              	.LBE3:
  83              		.loc 1 49 3 view .LVU14
  50:Core/Src/gpio.c ****   __HAL_RCC_GPIOA_CLK_ENABLE();
  84              		.loc 1 50 3 view .LVU15
  85              	.LBB4:
  86              		.loc 1 50 3 view .LVU16
  87 003a 0394     		str	r4, [sp, #12]
  88              		.loc 1 50 3 view .LVU17
  89 003c 1A6B     		ldr	r2, [r3, #48]
  90 003e 42F00102 		orr	r2, r2, #1
  91 0042 1A63     		str	r2, [r3, #48]
  92              		.loc 1 50 3 view .LVU18
  93 0044 1A6B     		ldr	r2, [r3, #48]
  94 0046 02F00102 		and	r2, r2, #1
  95 004a 0392     		str	r2, [sp, #12]
  96              		.loc 1 50 3 view .LVU19
  97 004c 039A     		ldr	r2, [sp, #12]
  98              	.LBE4:
  99              		.loc 1 50 3 view .LVU20
  51:Core/Src/gpio.c ****   __HAL_RCC_GPIOB_CLK_ENABLE();
 100              		.loc 1 51 3 view .LVU21
 101              	.LBB5:
 102              		.loc 1 51 3 view .LVU22
 103 004e 0494     		str	r4, [sp, #16]
 104              		.loc 1 51 3 view .LVU23
 105 0050 1A6B     		ldr	r2, [r3, #48]
 106 0052 42F00202 		orr	r2, r2, #2
 107 0056 1A63     		str	r2, [r3, #48]
 108              		.loc 1 51 3 view .LVU24
 109 0058 1B6B     		ldr	r3, [r3, #48]
 110 005a 03F00203 		and	r3, r3, #2
 111 005e 0493     		str	r3, [sp, #16]
 112              		.loc 1 51 3 view .LVU25
 113 0060 049B     		ldr	r3, [sp, #16]
 114              	.LBE5:
 115              		.loc 1 51 3 view .LVU26
  52:Core/Src/gpio.c **** 
  53:Core/Src/gpio.c ****   /*Configure GPIO pin Output Level */
  54:Core/Src/gpio.c ****   HAL_GPIO_WritePin(LED1_GPIO_Port, LED1_Pin, GPIO_PIN_RESET);
 116              		.loc 1 54 3 view .LVU27
 117 0062 104E     		ldr	r6, .L3+4
 118 0064 2246     		mov	r2, r4
ARM GAS  C:\Users\Teodor\AppData\Local\Temp\ccl385n3.s 			page 4


 119 0066 4FF40051 		mov	r1, #8192
 120 006a 3046     		mov	r0, r6
 121 006c FFF7FEFF 		bl	HAL_GPIO_WritePin
 122              	.LVL0:
  55:Core/Src/gpio.c **** 
  56:Core/Src/gpio.c ****   /*Configure GPIO pin : PtPin */
  57:Core/Src/gpio.c ****   GPIO_InitStruct.Pin = LED1_Pin;
 123              		.loc 1 57 3 view .LVU28
 124              		.loc 1 57 23 is_stmt 0 view .LVU29
 125 0070 4FF40053 		mov	r3, #8192
 126 0074 0593     		str	r3, [sp, #20]
  58:Core/Src/gpio.c ****   GPIO_InitStruct.Mode = GPIO_MODE_OUTPUT_PP;
 127              		.loc 1 58 3 is_stmt 1 view .LVU30
 128              		.loc 1 58 24 is_stmt 0 view .LVU31
 129 0076 0125     		movs	r5, #1
 130 0078 0695     		str	r5, [sp, #24]
  59:Core/Src/gpio.c ****   GPIO_InitStruct.Pull = GPIO_NOPULL;
 131              		.loc 1 59 3 is_stmt 1 view .LVU32
 132              		.loc 1 59 24 is_stmt 0 view .LVU33
 133 007a 0794     		str	r4, [sp, #28]
  60:Core/Src/gpio.c ****   GPIO_InitStruct.Speed = GPIO_SPEED_FREQ_LOW;
 134              		.loc 1 60 3 is_stmt 1 view .LVU34
 135              		.loc 1 60 25 is_stmt 0 view .LVU35
 136 007c 0894     		str	r4, [sp, #32]
  61:Core/Src/gpio.c ****   HAL_GPIO_Init(LED1_GPIO_Port, &GPIO_InitStruct);
 137              		.loc 1 61 3 is_stmt 1 view .LVU36
 138 007e 05A9     		add	r1, sp, #20
 139 0080 3046     		mov	r0, r6
 140 0082 FFF7FEFF 		bl	HAL_GPIO_Init
 141              	.LVL1:
  62:Core/Src/gpio.c **** 
  63:Core/Src/gpio.c ****   /*Configure GPIO pin : PB5 */
  64:Core/Src/gpio.c ****   GPIO_InitStruct.Pin = GPIO_PIN_5;
 142              		.loc 1 64 3 view .LVU37
 143              		.loc 1 64 23 is_stmt 0 view .LVU38
 144 0086 2023     		movs	r3, #32
 145 0088 0593     		str	r3, [sp, #20]
  65:Core/Src/gpio.c ****   GPIO_InitStruct.Mode = GPIO_MODE_IT_RISING;
 146              		.loc 1 65 3 is_stmt 1 view .LVU39
 147              		.loc 1 65 24 is_stmt 0 view .LVU40
 148 008a 4FF48813 		mov	r3, #1114112
 149 008e 0693     		str	r3, [sp, #24]
  66:Core/Src/gpio.c ****   GPIO_InitStruct.Pull = GPIO_PULLUP;
 150              		.loc 1 66 3 is_stmt 1 view .LVU41
 151              		.loc 1 66 24 is_stmt 0 view .LVU42
 152 0090 0795     		str	r5, [sp, #28]
  67:Core/Src/gpio.c ****   HAL_GPIO_Init(GPIOB, &GPIO_InitStruct);
 153              		.loc 1 67 3 is_stmt 1 view .LVU43
 154 0092 05A9     		add	r1, sp, #20
 155 0094 0448     		ldr	r0, .L3+8
 156 0096 FFF7FEFF 		bl	HAL_GPIO_Init
 157              	.LVL2:
  68:Core/Src/gpio.c **** 
  69:Core/Src/gpio.c ****   /* EXTI interrupt init*/
  70:Core/Src/gpio.c ****  // HAL_NVIC_SetPriority(EXTI9_5_IRQn, 0, 0);
  71:Core/Src/gpio.c ****  // HAL_NVIC_EnableIRQ(EXTI9_5_IRQn);
  72:Core/Src/gpio.c **** 
ARM GAS  C:\Users\Teodor\AppData\Local\Temp\ccl385n3.s 			page 5


  73:Core/Src/gpio.c **** }
 158              		.loc 1 73 1 is_stmt 0 view .LVU44
 159 009a 0AB0     		add	sp, sp, #40
 160              	.LCFI2:
 161              		.cfi_def_cfa_offset 16
 162              		@ sp needed
 163 009c 70BD     		pop	{r4, r5, r6, pc}
 164              	.L4:
 165 009e 00BF     		.align	2
 166              	.L3:
 167 00a0 00380240 		.word	1073887232
 168 00a4 00080240 		.word	1073874944
 169 00a8 00040240 		.word	1073873920
 170              		.cfi_endproc
 171              	.LFE130:
 173              		.text
 174              	.Letext0:
 175              		.file 2 "e:\\gnu_tools\\gnu arm embedded toolchain\\10 2021.10\\arm-none-eabi\\include\\machine\\_
 176              		.file 3 "e:\\gnu_tools\\gnu arm embedded toolchain\\10 2021.10\\arm-none-eabi\\include\\sys\\_stdi
 177              		.file 4 "Drivers/CMSIS/Device/ST/STM32F4xx/Include/stm32f401xc.h"
 178              		.file 5 "Drivers/STM32F4xx_HAL_Driver/Inc/stm32f4xx_hal_gpio.h"
ARM GAS  C:\Users\Teodor\AppData\Local\Temp\ccl385n3.s 			page 6


DEFINED SYMBOLS
                            *ABS*:00000000 gpio.c
C:\Users\Teodor\AppData\Local\Temp\ccl385n3.s:20     .text.MX_GPIO_Init:00000000 $t
C:\Users\Teodor\AppData\Local\Temp\ccl385n3.s:26     .text.MX_GPIO_Init:00000000 MX_GPIO_Init
C:\Users\Teodor\AppData\Local\Temp\ccl385n3.s:167    .text.MX_GPIO_Init:000000a0 $d

UNDEFINED SYMBOLS
HAL_GPIO_WritePin
HAL_GPIO_Init
